Performing C SOURCE FILE Test C_SUPPORTS_WERROR_UNGUARDED_AVAILABILITY_NEW failed with the following output:
Change Dir: /home/bart/repos/qutech/mlir/qoala-mlir/build/CMakeFiles/CMakeTmp

Run Build Command(s):/usr/bin/ninja cmTC_3025f && [1/2] Building C object CMakeFiles/cmTC_3025f.dir/src.c.o
FAILED: CMakeFiles/cmTC_3025f.dir/src.c.o 
/usr/bin/cc   -fPIC -fno-semantic-interposition -Werror=date-time -DC_SUPPORTS_WERROR_UNGUARDED_AVAILABILITY_NEW   -Werror -Werror=unguarded-availability-new -o CMakeFiles/cmTC_3025f.dir/src.c.o   -c src.c
cc1: error: '-Werror=unguarded-availability-new': no option -Wunguarded-availability-new
ninja: build stopped: subcommand failed.


Source file was:
int main(void) { return 0; }
Performing C++ SOURCE FILE Test CXX_SUPPORTS_WERROR_UNGUARDED_AVAILABILITY_NEW failed with the following output:
Change Dir: /home/bart/repos/qutech/mlir/qoala-mlir/build/CMakeFiles/CMakeTmp

Run Build Command(s):/usr/bin/ninja cmTC_3403c && [1/2] Building CXX object CMakeFiles/cmTC_3403c.dir/src.cxx.o
FAILED: CMakeFiles/cmTC_3403c.dir/src.cxx.o 
/usr/bin/c++    -fPIC -fno-semantic-interposition -fvisibility-inlines-hidden -Werror=date-time -DCXX_SUPPORTS_WERROR_UNGUARDED_AVAILABILITY_NEW   -Werror -Werror=unguarded-availability-new -std=gnu++14 -o CMakeFiles/cmTC_3403c.dir/src.cxx.o -c src.cxx
cc1plus: error: '-Werror=unguarded-availability-new': no option -Wunguarded-availability-new
ninja: build stopped: subcommand failed.


Source file was:
int main() { return 0; }
Performing C SOURCE FILE Test C_SUPPORTS_COVERED_SWITCH_DEFAULT_FLAG failed with the following output:
Change Dir: /home/bart/repos/qutech/mlir/qoala-mlir/build/CMakeFiles/CMakeTmp

Run Build Command(s):/usr/bin/ninja cmTC_5c630 && [1/2] Building C object CMakeFiles/cmTC_5c630.dir/src.c.o
FAILED: CMakeFiles/cmTC_5c630.dir/src.c.o 
/usr/bin/cc   -fPIC -fno-semantic-interposition -Werror=date-time -Wall -Wextra -Wno-unused-parameter -Wwrite-strings -Wno-missing-field-initializers -Wimplicit-fallthrough -DC_SUPPORTS_COVERED_SWITCH_DEFAULT_FLAG   -Werror -Wcovered-switch-default -o CMakeFiles/cmTC_5c630.dir/src.c.o   -c src.c
cc: error: unrecognized command line option '-Wcovered-switch-default'; did you mean '-Wno-switch-default'?
ninja: build stopped: subcommand failed.


Source file was:
int main(void) { return 0; }
Performing C++ SOURCE FILE Test CXX_SUPPORTS_COVERED_SWITCH_DEFAULT_FLAG failed with the following output:
Change Dir: /home/bart/repos/qutech/mlir/qoala-mlir/build/CMakeFiles/CMakeTmp

Run Build Command(s):/usr/bin/ninja cmTC_006e6 && [1/2] Building CXX object CMakeFiles/cmTC_006e6.dir/src.cxx.o
FAILED: CMakeFiles/cmTC_006e6.dir/src.cxx.o 
/usr/bin/c++    -fPIC -fno-semantic-interposition -fvisibility-inlines-hidden -Werror=date-time -Wall -Wextra -Wno-unused-parameter -Wwrite-strings -Wcast-qual -Wno-missing-field-initializers -Wimplicit-fallthrough -DCXX_SUPPORTS_COVERED_SWITCH_DEFAULT_FLAG   -Werror -Wcovered-switch-default -std=gnu++14 -o CMakeFiles/cmTC_006e6.dir/src.cxx.o -c src.cxx
c++: error: unrecognized command line option '-Wcovered-switch-default'; did you mean '-Wno-switch-default'?
ninja: build stopped: subcommand failed.


Source file was:
int main() { return 0; }
Performing C++ SOURCE FILE Test CXX_WONT_WARN_ON_FINAL_NONVIRTUALDTOR failed with the following output:
Change Dir: /home/bart/repos/qutech/mlir/qoala-mlir/build/CMakeFiles/CMakeTmp

Run Build Command(s):/usr/bin/ninja cmTC_fdebe && [1/2] Building CXX object CMakeFiles/cmTC_fdebe.dir/src.cxx.o
FAILED: CMakeFiles/cmTC_fdebe.dir/src.cxx.o 
/usr/bin/c++    -fPIC -fno-semantic-interposition -fvisibility-inlines-hidden -Werror=date-time -Wall -Wextra -Wno-unused-parameter -Wwrite-strings -Wcast-qual -Wno-missing-field-initializers -Wimplicit-fallthrough -Wno-class-memaccess -Wno-redundant-move -Wno-pessimizing-move -Wno-noexcept-type -DCXX_WONT_WARN_ON_FINAL_NONVIRTUALDTOR  -Werror=non-virtual-dtor   -std=gnu++14 -o CMakeFiles/cmTC_fdebe.dir/src.cxx.o -c src.cxx
src.cxx:2:36: error: ‘class base’ has virtual functions and accessible non-virtual destructor [-Werror=non-virtual-dtor]
    2 |                              class base {friend f; public: virtual void anchor();protected: ~base();};
      |                                    ^~~~
cc1plus: some warnings being treated as errors
ninja: build stopped: subcommand failed.


Source file was:
class f {};
                             class base {friend f; public: virtual void anchor();protected: ~base();};
                             int main() { return 0; }
Performing C SOURCE FILE Test C_WCOMMENT_ALLOWS_LINE_WRAP failed with the following output:
Change Dir: /home/bart/repos/qutech/mlir/qoala-mlir/build/CMakeFiles/CMakeTmp

Run Build Command(s):/usr/bin/ninja cmTC_b5525 && [1/2] Building C object CMakeFiles/cmTC_b5525.dir/src.c.o
FAILED: CMakeFiles/cmTC_b5525.dir/src.c.o 
/usr/bin/cc   -fPIC -fno-semantic-interposition -Werror=date-time -Wall -Wextra -Wno-unused-parameter -Wwrite-strings -Wno-missing-field-initializers -Wimplicit-fallthrough -DC_WCOMMENT_ALLOWS_LINE_WRAP  -Werror -Wcomment -o CMakeFiles/cmTC_b5525.dir/src.c.o   -c src.c
src.c:1:1: error: multi-line comment [-Werror=comment]
    1 | // \
      | ^
cc1: all warnings being treated as errors
ninja: build stopped: subcommand failed.


Source file was:
// \
//
int main() {return 0;}
Performing C SOURCE FILE Test C_SUPPORTS_STRING_CONVERSION_FLAG failed with the following output:
Change Dir: /home/bart/repos/qutech/mlir/qoala-mlir/build/CMakeFiles/CMakeTmp

Run Build Command(s):/usr/bin/ninja cmTC_b51ab && [1/2] Building C object CMakeFiles/cmTC_b51ab.dir/src.c.o
FAILED: CMakeFiles/cmTC_b51ab.dir/src.c.o 
/usr/bin/cc   -fPIC -fno-semantic-interposition -Werror=date-time -Wall -Wextra -Wno-unused-parameter -Wwrite-strings -Wno-missing-field-initializers -Wimplicit-fallthrough -Wno-comment -DC_SUPPORTS_STRING_CONVERSION_FLAG   -Werror -Wstring-conversion -o CMakeFiles/cmTC_b51ab.dir/src.c.o   -c src.c
cc: error: unrecognized command line option '-Wstring-conversion'; did you mean '-Wsign-conversion'?
ninja: build stopped: subcommand failed.


Source file was:
int main(void) { return 0; }
Performing C++ SOURCE FILE Test CXX_SUPPORTS_STRING_CONVERSION_FLAG failed with the following output:
Change Dir: /home/bart/repos/qutech/mlir/qoala-mlir/build/CMakeFiles/CMakeTmp

Run Build Command(s):/usr/bin/ninja cmTC_e2a19 && [1/2] Building CXX object CMakeFiles/cmTC_e2a19.dir/src.cxx.o
FAILED: CMakeFiles/cmTC_e2a19.dir/src.cxx.o 
/usr/bin/c++    -fPIC -fno-semantic-interposition -fvisibility-inlines-hidden -Werror=date-time -Wall -Wextra -Wno-unused-parameter -Wwrite-strings -Wcast-qual -Wno-missing-field-initializers -Wimplicit-fallthrough -Wno-class-memaccess -Wno-redundant-move -Wno-pessimizing-move -Wno-noexcept-type -Wdelete-non-virtual-dtor -Wsuggest-override -Wno-comment -DCXX_SUPPORTS_STRING_CONVERSION_FLAG   -Werror -Wstring-conversion -std=gnu++14 -o CMakeFiles/cmTC_e2a19.dir/src.cxx.o -c src.cxx
c++: error: unrecognized command line option '-Wstring-conversion'; did you mean '-Wsign-conversion'?
ninja: build stopped: subcommand failed.


Source file was:
int main() { return 0; }
Performing C++ SOURCE FILE Test LINKER_SUPPORTS_COLOR_DIAGNOSTICS failed with the following output:
Change Dir: /home/bart/repos/qutech/mlir/qoala-mlir/build/CMakeFiles/CMakeTmp

Run Build Command(s):/usr/bin/ninja cmTC_fe127 && [1/2] Building CXX object CMakeFiles/cmTC_fe127.dir/src.cxx.o
[2/2] Linking CXX executable cmTC_fe127
FAILED: cmTC_fe127 
: && /usr/bin/c++  -fPIC -fno-semantic-interposition -fvisibility-inlines-hidden -Werror=date-time -Wall -Wextra -Wno-unused-parameter -Wwrite-strings -Wcast-qual -Wno-missing-field-initializers -Wimplicit-fallthrough -Wno-class-memaccess -Wno-redundant-move -Wno-pessimizing-move -Wno-noexcept-type -Wdelete-non-virtual-dtor -Wsuggest-override -Wno-comment -Wmisleading-indentation -fdiagnostics-color -DLINKER_SUPPORTS_COLOR_DIAGNOSTICS  -Wl,--color-diagnostics CMakeFiles/cmTC_fe127.dir/src.cxx.o  -o cmTC_fe127   && :
/usr/bin/ld: unrecognized option '--color-diagnostics'
/usr/bin/ld: use the --help option for usage information
collect2: error: ld returned 1 exit status
ninja: build stopped: subcommand failed.


Source file was:
int main() { return 0; }
Determining if the os_signpost_interval_begin exist failed with the following output:
Change Dir: /home/bart/repos/qutech/mlir/qoala-mlir/build/CMakeFiles/CMakeTmp

Run Build Command(s):/usr/bin/ninja cmTC_c05c1 && [1/2] Building C object CMakeFiles/cmTC_c05c1.dir/CheckSymbolExists.c.o
FAILED: CMakeFiles/cmTC_c05c1.dir/CheckSymbolExists.c.o 
/usr/bin/cc   -fPIC -fno-semantic-interposition -Werror=date-time -Wall -Wextra -Wno-unused-parameter -Wwrite-strings -Wno-missing-field-initializers -Wimplicit-fallthrough -Wno-comment -Wmisleading-indentation -fdiagnostics-color -ffunction-sections -fdata-sections -o CMakeFiles/cmTC_c05c1.dir/CheckSymbolExists.c.o   -c CheckSymbolExists.c
CheckSymbolExists.c:2:10: fatal error: os/signpost.h: No such file or directory
    2 | #include <os/signpost.h>
      |          ^~~~~~~~~~~~~~~
compilation terminated.
ninja: build stopped: subcommand failed.


File /home/bart/repos/qutech/mlir/qoala-mlir/build/CMakeFiles/CMakeTmp/CheckSymbolExists.c:
/* */
#include <os/signpost.h>

int main(int argc, char** argv)
{
  (void)argv;
#ifndef os_signpost_interval_begin
  return ((int*)(&os_signpost_interval_begin))[argc];
#else
  (void)argc;
  return 0;
#endif
}
